<?xml version="1.0" encoding="UTF-8"?>
<testsuite xmlns:xsi="http://www.w3.org/2001/XMLSchema-instance" xsi:noNamespaceSchemaLocation="https://maven.apache.org/surefire/maven-surefire-plugin/xsd/surefire-test-report-3.0.xsd" version="3.0" name="org.loyer.test.MyTest" time="0.988" tests="6" errors="0" skipped="0" failures="0">
  <properties>
[...]
</properties>
  <testcase name="test01" classname="org.loyer.test.MyTest" time="0.476"/>
  <testcase name="test02" classname="org.loyer.test.MyTest" time="0.005"/>
  <testcase name="test03" classname="org.loyer.test.MyTest" time="0.005"/>
  <testcase name="test04" classname="org.loyer.test.MyTest" time="0.162"/>
  <testcase name="test05" classname="org.loyer.test.MyTest" time="0.025"/>
  <testcase name="test06" classname="org.loyer.test.MyTest" time="0.27"/>
</testsuite>